# JRE version: Java(TM) SE Runtime Environment (8.0_60-b27) (build 1.8.0_60-b27)
# Java VM: Java HotSpot(TM) 64-Bit Server VM (25.60-b23 mixed mode windows-amd64 compressed oops)
Heap:
 PSYoungGen      total 413184K, used 14694K [0x000000076b200000, 0x0000000788600000, 0x00000007c0000000)
  eden space 370688K, 3% used [0x000000076b200000,0x000000076c059a60,0x0000000781c00000)
  from space 42496K, 0% used [0x0000000781c00000,0x0000000781c00000,0x0000000784580000)
  to   space 42496K, 0% used [0x0000000785c80000,0x0000000785c80000,0x0000000788600000)
 ParOldGen       total 193536K, used 37056K [0x00000006c1600000, 0x00000006cd300000, 0x000000076b200000)
  object space 193536K, 19% used [0x00000006c1600000,0x00000006c3a301b0,0x00000006cd300000)
 Metaspace       used 41259K, capacity 42426K, committed 42624K, reserved 1087488K
  class space    used 5005K, capacity 5398K, committed 5504K, reserved 1048576K
GC Heap History (10 events):
Event: 18.826 GC heap before
{Heap before GC invocations=11 (full 2):
 PSYoungGen      total 335360K, used 33963K [0x000000076b200000, 0x0000000786e00000, 0x00000007c0000000)
  eden space 297472K, 0% used [0x000000076b200000,0x000000076b200000,0x000000077d480000)
  from space 37888K, 89% used [0x000000077d480000,0x000000077f5aaf88,0x000000077f980000)
  to   space 41472K, 0% used [0x0000000784580000,0x0000000784580000,0x0000000786e00000)
 ParOldGen       total 165888K, used 46911K [0x00000006c1600000, 0x00000006cb800000, 0x000000076b200000)
  object space 165888K, 28% used [0x00000006c1600000,0x00000006c43cfc68,0x00000006cb800000)
 Metaspace       used 34671K, capacity 35394K, committed 35496K, reserved 1081344K
  class space    used 4338K, capacity 4589K, committed 4608K, reserved 1048576K
Event: 18.928 GC heap after
Heap after GC invocations=11 (full 2):
 PSYoungGen      total 335360K, used 0K [0x000000076b200000, 0x0000000786e00000, 0x00000007c0000000)
  eden space 297472K, 0% used [0x000000076b200000,0x000000076b200000,0x000000077d480000)
  from space 37888K, 0% used [0x000000077d480000,0x000000077d480000,0x000000077f980000)
  to   space 41472K, 0% used [0x0000000784580000,0x0000000784580000,0x0000000786e00000)
 ParOldGen       total 193536K, used 35448K [0x00000006c1600000, 0x00000006cd300000, 0x000000076b200000)
  object space 193536K, 18% used [0x00000006c1600000,0x00000006c389e3a8,0x00000006cd300000)
 Metaspace       used 34671K, capacity 35394K, committed 35496K, reserved 1081344K
  class space    used 4338K, capacity 4589K, committed 4608K, reserved 1048576K
}
Event: 19.346 GC heap before
{Heap before GC invocations=12 (full 2):
 PSYoungGen      total 335360K, used 35151K [0x000000076b200000, 0x0000000786e00000, 0x00000007c0000000)
  eden space 297472K, 11% used [0x000000076b200000,0x000000076d453db8,0x000000077d480000)
  from space 37888K, 0% used [0x000000077d480000,0x000000077d480000,0x000000077f980000)
  to   space 41472K, 0% used [0x0000000784580000,0x0000000784580000,0x0000000786e00000)
 ParOldGen       total 193536K, used 35448K [0x00000006c1600000, 0x00000006cd300000, 0x000000076b200000)
  object space 193536K, 18% used [0x00000006c1600000,0x00000006c389e3a8,0x00000006cd300000)
 Metaspace       used 37915K, capacity 38850K, committed 39168K, reserved 1083392K
  class space    used 4722K, capacity 5005K, committed 5120K, reserved 1048576K
Event: 19.350 GC heap after
Heap after GC invocations=12 (full 2):
 PSYoungGen      total 412160K, used 4764K [0x000000076b200000, 0x0000000788600000, 0x00000007c0000000)
  eden space 370688K, 0% used [0x000000076b200000,0x000000076b200000,0x0000000781c00000)
  from space 41472K, 11% used [0x0000000784580000,0x0000000784a27360,0x0000000786e00000)
  to   space 42496K, 0% used [0x0000000781c00000,0x0000000781c00000,0x0000000784580000)
 ParOldGen       total 193536K, used 35456K [0x00000006c1600000, 0x00000006cd300000, 0x000000076b200000)
  object space 193536K, 18% used [0x00000006c1600000,0x00000006c38a03a8,0x00000006cd300000)
 Metaspace       used 37915K, capacity 38850K, committed 39168K, reserved 1083392K
  class space    used 4722K, capacity 5005K, committed 5120K, reserved 1048576K
}
Event: 19.350 GC heap before
{Heap before GC invocations=13 (full 3):
 PSYoungGen      total 412160K, used 4764K [0x000000076b200000, 0x0000000788600000, 0x00000007c0000000)
  eden space 370688K, 0% used [0x000000076b200000,0x000000076b200000,0x0000000781c00000)
  from space 41472K, 11% used [0x0000000784580000,0x0000000784a27360,0x0000000786e00000)
  to   space 42496K, 0% used [0x0000000781c00000,0x0000000781c00000,0x0000000784580000)
 ParOldGen       total 193536K, used 35456K [0x00000006c1600000, 0x00000006cd300000, 0x000000076b200000)
  object space 193536K, 18% used [0x00000006c1600000,0x00000006c38a03a8,0x00000006cd300000)
 Metaspace       used 37915K, capacity 38850K, committed 39168K, reserved 1083392K
  class space    used 4722K, capacity 5005K, committed 5120K, reserved 1048576K
Event: 19.501 GC heap after
Heap after GC invocations=13 (full 3):
 PSYoungGen      total 412160K, used 0K [0x000000076b200000, 0x0000000788600000, 0x00000007c0000000)
  eden space 370688K, 0% used [0x000000076b200000,0x000000076b200000,0x0000000781c00000)
  from space 41472K, 0% used [0x0000000784580000,0x0000000784580000,0x0000000786e00000)
  to   space 42496K, 0% used [0x0000000781c00000,0x0000000781c00000,0x0000000784580000)
 ParOldGen       total 193536K, used 33435K [0x00000006c1600000, 0x00000006cd300000, 0x000000076b200000)
  object space 193536K, 17% used [0x00000006c1600000,0x00000006c36a6c30,0x00000006cd300000)
 Metaspace       used 37495K, capacity 38378K, committed 39168K, reserved 1083392K
  class space    used 4587K, capacity 4869K, committed 5120K, reserved 1048576K
}
Event: 20.905 GC heap before
{Heap before GC invocations=14 (full 3):
 PSYoungGen      total 412160K, used 134926K [0x000000076b200000, 0x0000000788600000, 0x00000007c0000000)
  eden space 370688K, 36% used [0x000000076b200000,0x00000007735c3a80,0x0000000781c00000)
  from space 41472K, 0% used [0x0000000784580000,0x0000000784580000,0x0000000786e00000)
  to   space 42496K, 0% used [0x0000000781c00000,0x0000000781c00000,0x0000000784580000)
 ParOldGen       total 193536K, used 33435K [0x00000006c1600000, 0x00000006cd300000, 0x000000076b200000)
  object space 193536K, 17% used [0x00000006c1600000,0x00000006c36a6c30,0x00000006cd300000)
 Metaspace       used 41246K, capacity 42362K, committed 42624K, reserved 1087488K
  class space    used 5003K, capacity 5398K, committed 5504K, reserved 1048576K
Event: 20.913 GC heap after
Heap after GC invocations=14 (full 3):
 PSYoungGen      total 413184K, used 6597K [0x000000076b200000, 0x0000000788600000, 0x00000007c0000000)
  eden space 370688K, 0% used [0x000000076b200000,0x000000076b200000,0x0000000781c00000)
  from space 42496K, 15% used [0x0000000781c00000,0x0000000782271738,0x0000000784580000)
  to   space 42496K, 0% used [0x0000000785c80000,0x0000000785c80000,0x0000000788600000)
 ParOldGen       total 193536K, used 33443K [0x00000006c1600000, 0x00000006cd300000, 0x000000076b200000)
  object space 193536K, 17% used [0x00000006c1600000,0x00000006c36a8c30,0x00000006cd300000)
 Metaspace       used 41246K, capacity 42362K, committed 42624K, reserved 1087488K
  class space    used 5003K, capacity 5398K, committed 5504K, reserved 1048576K
}
Event: 20.913 GC heap before
{Heap before GC invocations=15 (full 4):
 PSYoungGen      total 413184K, used 6597K [0x000000076b200000, 0x0000000788600000, 0x00000007c0000000)
  eden space 370688K, 0% used [0x000000076b200000,0x000000076b200000,0x0000000781c00000)
  from space 42496K, 15% used [0x0000000781c00000,0x0000000782271738,0x0000000784580000)
  to   space 42496K, 0% used [0x0000000785c80000,0x0000000785c80000,0x0000000788600000)
 ParOldGen       total 193536K, used 33443K [0x00000006c1600000, 0x00000006cd300000, 0x000000076b200000)
  object space 193536K, 17% used [0x00000006c1600000,0x00000006c36a8c30,0x00000006cd300000)
 Metaspace       used 41246K, capacity 42362K, committed 42624K, reserved 1087488K
  class space    used 5003K, capacity 5398K, committed 5504K, reserved 1048576K
Event: 21.136 GC heap after
Heap after GC invocations=15 (full 4):
 PSYoungGen      total 413184K, used 0K [0x000000076b200000, 0x0000000788600000, 0x00000007c0000000)
  eden space 370688K, 0% used [0x000000076b200000,0x000000076b200000,0x0000000781c00000)
  from space 42496K, 0% used [0x0000000781c00000,0x0000000781c00000,0x0000000784580000)
  to   space 42496K, 0% used [0x0000000785c80000,0x0000000785c80000,0x0000000788600000)
 ParOldGen       total 193536K, used 37056K [0x00000006c1600000, 0x00000006cd300000, 0x000000076b200000)
  object space 193536K, 19% used [0x00000006c1600000,0x00000006c3a301b0,0x00000006cd300000)
 Metaspace       used 41246K, capacity 42362K, committed 42624K, reserved 1087488K
  class space    used 5003K, capacity 5398K, committed 5504K, reserved 1048576K
}

